Error: 2022/09/06 21:18:25 logger.go:31: http: named cookie not present Login verification
Error: 2022/09/06 21:18:25 logger.go:31: template: diary.html:10:14: executing "diary.html" at <.Date>: can't evaluate field Date in type *session.TemplateDiaryData template execute
Error: 2022/09/06 21:19:45 logger.go:31: http: named cookie not present Login verification
Error: 2022/09/06 21:19:45 logger.go:31: template: diary.html:29:19: executing "diary.html" at <.TotalFats>: can't evaluate field TotalFats in type *session.TemplateDiaryData template execute
Error: 2022/09/06 21:20:08 logger.go:31: http: named cookie not present Login verification
Error: 2022/09/06 21:20:08 logger.go:31: template: diary.html:46:29: executing "diary.html" at <.Diary.Breakfast.TotalFat>: can't evaluate field TotalFat in type session.Meal template execute
Error: 2022/09/06 21:20:09 logger.go:31: http: named cookie not present Login verification
Error: 2022/09/06 21:20:09 logger.go:31: template: diary.html:46:29: executing "diary.html" at <.Diary.Breakfast.TotalFat>: can't evaluate field TotalFat in type session.Meal template execute
Error: 2022/09/06 21:20:57 logger.go:31: http: named cookie not present Login verification
Error: 2022/09/06 21:20:57 logger.go:31: template: diary.html:46:33: executing "diary.html" at <.Breakfast.TotalFat>: can't evaluate field TotalFat in type session.Meal template execute
Error: 2022/09/06 21:20:57 logger.go:31: http: named cookie not present Login verification
Error: 2022/09/06 21:20:57 logger.go:31: template: diary.html:46:33: executing "diary.html" at <.Breakfast.TotalFat>: can't evaluate field TotalFat in type session.Meal template execute
Error: 2022/09/06 21:21:31 logger.go:31: http: named cookie not present Login verification
Error: 2022/09/06 21:21:31 logger.go:31: template: diary.html:47:33: executing "diary.html" at <.Breakfast.TotalCarb>: can't evaluate field TotalCarb in type session.Meal template execute
Error: 2022/09/06 21:21:31 logger.go:31: http: named cookie not present Login verification
Error: 2022/09/06 21:21:31 logger.go:31: template: diary.html:47:33: executing "diary.html" at <.Breakfast.TotalCarb>: can't evaluate field TotalCarb in type session.Meal template execute
Error: 2022/09/06 21:22:47 logger.go:31: http: named cookie not present Login verification
Error: 2022/09/06 21:22:47 logger.go:31: template: diary.html:31:19: executing "diary.html" at <.TotalProts>: can't evaluate field TotalProts in type session.ViewDiaryData template execute
Error: 2022/09/06 21:22:47 logger.go:31: http: named cookie not present Login verification
Error: 2022/09/06 21:22:47 logger.go:31: template: diary.html:31:19: executing "diary.html" at <.TotalProts>: can't evaluate field TotalProts in type session.ViewDiaryData template execute
Error: 2022/09/06 21:23:41 logger.go:31: http: named cookie not present Login verification
Error: 2022/09/06 21:23:41 logger.go:31: template: diary.html:59:26: executing "diary.html" at <.Breakfast.Items>: range can't iterate over 0 template execute
Error: 2022/09/06 21:25:17 logger.go:31: http: named cookie not present Login verification
Error: 2022/09/06 21:25:17 logger.go:31: template: diary.html:59:26: executing "diary.html" at <.Breakfast.Items>: range can't iterate over 0 template execute
Error: 2022/09/06 21:25:18 logger.go:31: http: named cookie not present Login verification
Error: 2022/09/06 21:25:18 logger.go:31: template: diary.html:59:26: executing "diary.html" at <.Breakfast.Items>: range can't iterate over 0 template execute
Error: 2022/09/06 21:25:18 logger.go:31: http: named cookie not present Login verification
Error: 2022/09/06 21:25:18 logger.go:31: template: diary.html:59:26: executing "diary.html" at <.Breakfast.Items>: range can't iterate over 0 template execute
Error: 2022/09/06 21:33:42 logger.go:31: http: named cookie not present Login verification
Error: 2022/09/06 21:33:42 logger.go:31: template: item.html:8:53: executing "item" at <.ID>: can't evaluate field ID in type session.Item template execute
Error: 2022/09/06 21:33:42 logger.go:31: http: named cookie not present Login verification
Error: 2022/09/06 21:33:42 logger.go:31: template: item.html:8:53: executing "item" at <.ID>: can't evaluate field ID in type session.Item template execute
Error: 2022/09/06 21:33:43 logger.go:31: http: named cookie not present Login verification
Error: 2022/09/06 21:33:43 logger.go:31: template: item.html:8:53: executing "item" at <.ID>: can't evaluate field ID in type session.Item template execute
Error: 2022/09/06 21:34:27 logger.go:31: http: named cookie not present Login verification
Error: 2022/09/06 21:34:27 logger.go:31: template: item.html:12:21: executing "item" at <.Item.Name>: can't evaluate field Item in type session.Item template execute
Error: 2022/09/06 21:37:59 logger.go:31: http: named cookie not present Login verification
Error: 2022/09/06 21:37:59 logger.go:31: template: diary.html:84:29: executing "diary.html" at <.Lunch.TotalLunchCarb>: can't evaluate field TotalLunchCarb in type session.Meal template execute
Error: 2022/09/06 21:38:37 logger.go:31: http: named cookie not present Login verification
Error: 2022/09/06 21:38:37 logger.go:31: template: diary.html:84:29: executing "diary.html" at <.Lunch.TotalCarb>: can't evaluate field TotalCarb in type session.Meal template execute
Error: 2022/09/06 21:38:57 logger.go:31: http: named cookie not present Login verification
Error: 2022/09/06 21:39:28 logger.go:31: http: named cookie not present Login verification
Error: 2022/09/06 21:39:31 logger.go:31: http: named cookie not present Login verification
